1585510606389	mozrunner::runner	INFO	Running command: "C:\\Program Files\\Mozilla Firefox\\firefox.exe" "-marionette" "-headless" "-foreground" "-no-remote" "-profile" "C:\\Users\\aydar\\AppData\\Local\\Temp\\rust_mozprofilegt780A"
*** You are running in headless mode.
1585510606764	addons.webextension.doh-rollout@mozilla.org	WARN	Loading extension 'doh-rollout@mozilla.org': Reading manifest: Invalid extension permission: networkStatus
1585510607135	addons.webextension.screenshots@mozilla.org	WARN	Loading extension 'screenshots@mozilla.org': Reading manifest: Invalid extension permission: mozillaAddons
1585510607135	addons.webextension.screenshots@mozilla.org	WARN	Loading extension 'screenshots@mozilla.org': Reading manifest: Invalid extension permission: telemetry
1585510607136	addons.webextension.screenshots@mozilla.org	WARN	Loading extension 'screenshots@mozilla.org': Reading manifest: Invalid extension permission: resource://pdf.js/
1585510607136	addons.webextension.screenshots@mozilla.org	WARN	Loading extension 'screenshots@mozilla.org': Reading manifest: Invalid extension permission: about:reader*
JavaScript error: resource://gre/modules/XULStore.jsm, line 66: Error: Can't find profile directory.
1585510608977	Marionette	INFO	Listening on port 55062
1585510609017	Marionette	WARN	TLS certificate errors will be ignored for this session
1585510621013	Marionette	INFO	Stopped listening on port 55062
IYLWA=719d34d31c8e3a6e6fffd425f7e032f3&ns=3&cb=567077402, line 1: unreachable code after return statement
JavaScript warning: https://www.ozon.ru/_Incapsula_Resource?SWJIYLWA=719d34d31c8e3a6e6fffd425f7e032f3&ns=3&cb=567077402, line 1: unreachable code after return statement
JavaScript warning: https://www.ozon.ru/_Incapsula_Resource?SWJIYLWA=719d34d31c8e3a6e6fffd425f7e032f3&ns=3&cb=567077402 line 1 > eval, line 1: unreachable code after return statement
1585508636436	Marionette	INFO	Stopped listening on port 52177
SWJIYLWA=719d34d31c8e3a6e6fffd425f7e032f3&ns=1&cb=2130992175 line 1 > eval, line 1: unreachable code after return statement
1585508324811	Marionette	INFO	Stopped listening on port 51826
6fffd425f7e032f3&ns=3&cb=21004022 line 1 > eval, line 1: unreachable code after return statement
1585508127051	Marionette	INFO	Stopped listening on port 51502
rt 51197
